[2014-04-25 15:21:08] production.ERROR: exception 'ErrorException' with message 'Undefined variable: _Get' in C:\xampp\htdocs\Automatrix.Menu\Automatrix.Menu.Web\app\controllers\GeneralController.php:514
Stack trace:
#0 C:\xampp\htdocs\Automatrix.Menu\Automatrix.Menu.Web\app\controllers\GeneralController.php(514): Illuminate\Exception\Handler->handleError(8, 'Undefined varia...', 'C:\xampp\htdocs...', 514, Array)
#1 [internal function]: GeneralController->save_newPassword()
#2 C:\xampp\htdocs\Automatrix.Menu\Automatrix.Menu.Web\vendor\laravel\framework\src\Illuminate\Routing\Controller.php(194): call_user_func_array(Array, Array)
#3 C:\xampp\htdocs\Automatrix.Menu\Automatrix.Menu.Web\vendor\laravel\framework\src\Illuminate\Routing\ControllerDispatcher.php(93): Illuminate\Routing\Controller->callAction('save_newPasswor...', Array)
#4 C:\xampp\htdocs\Automatrix.Menu\Automatrix.Menu.Web\vendor\laravel\framework\src\Illuminate\Routing\ControllerDispatcher.php(62): Illuminate\Routing\ControllerDispatcher->call(Object(GeneralController), Object(Illuminate\Routing\Route), 'save_newPasswor...')
#5 C:\xampp\htdocs\Automatrix.Menu\Automatrix.Menu.Web\vendor\laravel\framework\src\Illuminate\Routing\Router.php(934): Illuminate\Routing\ControllerDispatcher->dispatch(Object(Illuminate\Routing\Route), Object(Illuminate\Http\Request), 'GeneralControll...', 'save_newPasswor...')
#6 [internal function]: Illuminate\Routing\Router->Illuminate\Routing\{closure}()
#7 C:\xampp\htdocs\Automatrix.Menu\Automatrix.Menu.Web\vendor\laravel\framework\src\Illuminate\Routing\Route.php(105): call_user_func_array(Object(Closure), Array)
#8 C:\xampp\htdocs\Automatrix.Menu\Automatrix.Menu.Web\vendor\laravel\framework\src\Illuminate\Routing\Router.php(1000): Illuminate\Routing\Route->run(Object(Illuminate\Http\Request))
#9 C:\xampp\htdocs\Automatrix.Menu\Automatrix.Menu.Web\vendor\laravel\framework\src\Illuminate\Routing\Router.php(968): Illuminate\Routing\Router->dispatchToRoute(Object(Illuminate\Http\Request))
#10 C:\xampp\htdocs\Automatrix.Menu\Automatrix.Menu.Web\vendor\laravel\framework\src\Illuminate\Foundation\Application.php(738): Illuminate\Routing\Router->dispatch(Object(Illuminate\Http\Request))
#11 C:\xampp\htdocs\Automatrix.Menu\Automatrix.Menu.Web\vendor\laravel\framework\src\Illuminate\Foundation\Application.php(708): Illuminate\Foundation\Application->dispatch(Object(Illuminate\Http\Request))
#12 C:\xampp\htdocs\Automatrix.Menu\Automatrix.Menu.Web\vendor\laravel\framework\src\Illuminate\Http\FrameGuard.php(38): Illuminate\Foundation\Application->handle(Object(Illuminate\Http\Request), 1, true)
#13 C:\xampp\htdocs\Automatrix.Menu\Automatrix.Menu.Web\vendor\laravel\framework\src\Illuminate\Session\Middleware.php(72): Illuminate\Http\FrameGuard->handle(Object(Illuminate\Http\Request), 1, true)
#14 C:\xampp\htdocs\Automatrix.Menu\Automatrix.Menu.Web\vendor\laravel\framework\src\Illuminate\Cookie\Queue.php(47): Illuminate\Session\Middleware->handle(Object(Illuminate\Http\Request), 1, true)
#15 C:\xampp\htdocs\Automatrix.Menu\Automatrix.Menu.Web\vendor\laravel\framework\src\Illuminate\Cookie\Guard.php(51): Illuminate\Cookie\Queue->handle(Object(Illuminate\Http\Request), 1, true)
#16 C:\xampp\htdocs\Automatrix.Menu\Automatrix.Menu.Web\vendor\stack\builder\src\Stack\StackedHttpKernel.php(23): Illuminate\Cookie\Guard->handle(Object(Illuminate\Http\Request), 1, true)
#17 C:\xampp\htdocs\Automatrix.Menu\Automatrix.Menu.Web\vendor\laravel\framework\src\Illuminate\Foundation\Application.php(606): Stack\StackedHttpKernel->handle(Object(Illuminate\Http\Request))
#18 C:\xampp\htdocs\Automatrix.Menu\Automatrix.Menu.Web\public\index.php(49): Illuminate\Foundation\Application->run()
#19 {main} [] []
